<?xml version="1.0" encoding="UTF-8"?>
<!-- Generated by org.testng.reporters.JUnitXMLReporter -->
<testsuite hostname="DESKTOP-RO5AP5V" ignored="4" name="Regression" tests="1" failures="0" timestamp="14 Sep 2020 13:54:24 GMT" time="0.078" errors="0">
  <testcase name="test5" time="0.016" classname="testNG.GroupingTestNg1"/>
  <testcase name="test1" time="0.0" classname="testNG.GroupingTestNg1">
    <ignored/>
  </testcase> <!-- test1 -->
  <testcase name="test2" time="0.0" classname="testNG.GroupingTestNg1">
    <ignored/>
  </testcase> <!-- test2 -->
  <testcase name="test3" time="0.0" classname="testNG.GroupingTestNg1">
    <ignored/>
  </testcase> <!-- test3 -->
  <testcase name="test4" time="0.0" classname="testNG.GroupingTestNg1">
    <ignored/>
  </testcase> <!-- test4 -->
</testsuite> <!-- Regression -->
