<?xml version="1.0" encoding="UTF-8"?>
<testng-results skipped="0" failed="0" ignored="0" total="3" passed="3">
  <reporter-output>
  </reporter-output>
  <suite name="Suite" duration-ms="85692" started-at="2020-08-10T09:36:24Z" finished-at="2020-08-10T09:37:49Z">
    <groups>
    </groups>
    <test name="Test on chrome" duration-ms="39513" started-at="2020-08-10T09:36:24Z" finished-at="2020-08-10T09:37:03Z">
      <class name="basicsanity.Basicsanity">
        <test-method status="PASS" signature="launchapplication(java.lang.String)[pri:0, instance:basicsanity.Basicsanity@21de60b4]" name="launchapplication" duration-ms="39485" started-at="2020-08-10T15:06:24Z" finished-at="2020-08-10T15:07:03Z">
          <params>
            <param index="0">
              <value>
                <![CDATA[chrome]]>
              </value>
            </param>
          </params>
          <reporter-output>
          </reporter-output>
        </test-method> <!-- launchapplication -->
      </class> <!-- basicsanity.Basicsanity -->
    </test> <!-- Test on chrome -->
    <test name="Test on Firefox" duration-ms="83726" started-at="2020-08-10T09:36:24Z" finished-at="2020-08-10T09:37:47Z">
      <class name="basicsanity.Basicsanity">
        <test-method status="PASS" signature="launchapplication(java.lang.String)[pri:0, instance:basicsanity.Basicsanity@1cbbffcd]" name="launchapplication" duration-ms="83703" started-at="2020-08-10T15:06:24Z" finished-at="2020-08-10T15:07:47Z">
          <params>
            <param index="0">
              <value>
                <![CDATA[Firefox]]>
              </value>
            </param>
          </params>
          <reporter-output>
          </reporter-output>
        </test-method> <!-- launchapplication -->
      </class> <!-- basicsanity.Basicsanity -->
    </test> <!-- Test on Firefox -->
    <test name="Test on IE" duration-ms="85688" started-at="2020-08-10T09:36:24Z" finished-at="2020-08-10T09:37:49Z">
      <class name="basicsanity.Basicsanity">
        <test-method status="PASS" signature="launchapplication(java.lang.String)[pri:0, instance:basicsanity.Basicsanity@15eb5ee5]" name="launchapplication" duration-ms="85664" started-at="2020-08-10T15:06:24Z" finished-at="2020-08-10T15:07:49Z">
          <params>
            <param index="0">
              <value>
                <![CDATA[IE]]>
              </value>
            </param>
          </params>
          <reporter-output>
          </reporter-output>
        </test-method> <!-- launchapplication -->
      </class> <!-- basicsanity.Basicsanity -->
    </test> <!-- Test on IE -->
  </suite> <!-- Suite -->
</testng-results>
