<?xml version="1.0" encoding="UTF-8"?>
<testng-results skipped="0" failed="0" ignored="0" total="1" passed="1">
  <reporter-output>
  </reporter-output>
  <suite name="Default suite" duration-ms="126" started-at="2020-10-13T19:31:24Z" finished-at="2020-10-13T19:31:24Z">
    <groups>
    </groups>
    <test name="Default test" duration-ms="126" started-at="2020-10-13T19:31:24Z" finished-at="2020-10-13T19:31:24Z">
      <class name="stringPrograms.Stringfindnumberofsquares">
        <test-method status="PASS" signature="method2()[pri:0, instance:stringPrograms.Stringfindnumberofsquares@42d80b78]" name="method2" duration-ms="25" started-at="2020-10-14T01:01:24Z" finished-at="2020-10-14T01:01:24Z">
          <reporter-output>
          </reporter-output>
        </test-method> <!-- method2 -->
      </class> <!-- stringPrograms.Stringfindnumberofsquares -->
    </test> <!-- Default test -->
  </suite> <!-- Default suite -->
</testng-results>
